
/home/runner/work/exp-roots-one-point-iterative-iitb/exp-roots-one-point-iterative-iitb/experiment/simulation/common_libraries/js/ts_components/collapse_step.js
   1:10  warning  'show_step' is defined but never used                 no-unused-vars
   2:5   warning  '$' is not defined                                    no-undef
   3:9   warning  '$' is not defined                                    no-undef
   6:10  warning  'hide_step' is defined but never used                 no-unused-vars
   7:5   warning  '$' is not defined                                    no-undef
   8:9   warning  '$' is not defined                                    no-undef
  11:10  warning  'get_collapse_btn_text' is defined but never used     no-unused-vars
  20:10  warning  'get_collapse_btn_element' is defined but never used  no-unused-vars
  29:10  warning  'hide_all_steps' is defined but never used            no-unused-vars
  31:9   warning  '$' is not defined                                    no-undef

/home/runner/work/exp-roots-one-point-iterative-iitb/exp-roots-one-point-iterative-iitb/experiment/simulation/common_libraries/js/ts_components/matrix.js
   27:26  warning  'MathJax' is not defined                                no-undef
   32:7   warning  'Matrix_Without_String' is defined but never used       no-unused-vars
   52:26  warning  'MathJax' is not defined                                no-undef
   56:10  warning  'get_matrix_html' is defined but never used             no-unused-vars
   87:13  warning  'row_html' is assigned a value but never used           no-unused-vars
   99:10  warning  'get_matrix_html_with_title' is defined but never used  no-unused-vars
  131:13  warning  'row_html' is assigned a value but never used           no-unused-vars
  143:10  warning  'convert_2d_to_1d_vector' is defined but never used     no-unused-vars
  156:10  warning  'convert_1d_to_2d_matrix' is defined but never used     no-unused-vars

/home/runner/work/exp-roots-one-point-iterative-iitb/exp-roots-one-point-iterative-iitb/experiment/simulation/common_libraries/js/ts_components/pannel.js
  8:7  warning  'Pannel' is defined but never used  no-unused-vars

/home/runner/work/exp-roots-one-point-iterative-iitb/exp-roots-one-point-iterative-iitb/experiment/simulation/common_libraries/js/ts_components/questions.js
   6:17  warning  'op1' is assigned a value but never used      no-unused-vars
   7:17  warning  'op2' is assigned a value but never used      no-unused-vars
   8:17  warning  'op3' is assigned a value but never used      no-unused-vars
   9:17  warning  'op4' is assigned a value but never used      no-unused-vars
  94:7   warning  'Question_Options' is defined but never used  no-unused-vars

/home/runner/work/exp-roots-one-point-iterative-iitb/exp-roots-one-point-iterative-iitb/experiment/simulation/common_libraries/js/ts_components/tables.js
   19:22  warning  'verify_values' is not defined                                     no-undef
  137:22  warning  'verify_values' is not defined                                     no-undef
  260:7   warning  'Verify_Rows_Cols_6_decimal_places' is defined but never used      no-unused-vars
  311:22  warning  'verify_values' is not defined                                     no-undef
  416:7   warning  'Verify_Rows_Cols_Custom_Fixed_Update1' is defined but never used  no-unused-vars
  468:7   warning  'Show_Table_Custom_Fixed' is defined but never used                no-unused-vars
  506:7   warning  'Verify_Rows_Cols_Strings' is defined but never used               no-unused-vars
  527:22  warning  'verify_values' is not defined                                     no-undef
  663:7   warning  'Display_Table' is defined but never used                          no-unused-vars

/home/runner/work/exp-roots-one-point-iterative-iitb/exp-roots-one-point-iterative-iitb/experiment/simulation/common_libraries/js/ts_math_library/general_math_functions.js
    1:10  warning  'verify_values' is defined but never used                   no-unused-vars
   17:10  warning  'random1' is defined but never used                         no-unused-vars
   21:10  warning  'std_deviation' is defined but never used                   no-unused-vars
   26:10  warning  'gauss' is defined but never used                           no-unused-vars
   56:10  warning  'hide_panel' is defined but never used                      no-unused-vars
   63:10  warning  'inverse_matrix' is defined but never used                  no-unused-vars
   96:10  warning  'matrix_multiplication' is defined but never used           no-unused-vars
  113:10  warning  'transpose_matrix' is defined but never used                no-unused-vars
  123:10  warning  'matrix_multiplication_8decimal' is defined but never used  no-unused-vars
  140:10  warning  'adjoint_2x2_matrix' is defined but never used              no-unused-vars
  145:10  warning  'find_deteminant' is defined but never used                 no-unused-vars
  174:10  warning  'get_Submatrix' is defined but never used                   no-unused-vars

/home/runner/work/exp-roots-one-point-iterative-iitb/exp-roots-one-point-iterative-iitb/experiment/simulation/common_libraries/js/ts_math_library/regression.js
   1:10  warning  'regression_linear' is defined but never used            no-unused-vars
  18:10  warning  'regression_linear_1variable' is defined but never used  no-unused-vars
  27:10  warning  'regression_linear_2variable' is defined but never used  no-unused-vars
  52:11  warning  'gauss' is not defined                                   no-undef

/home/runner/work/exp-roots-one-point-iterative-iitb/exp-roots-one-point-iterative-iitb/experiment/simulation/common_libraries/math.ob.js
  1:745  warning  'b' is already defined  no-redeclare

/home/runner/work/exp-roots-one-point-iterative-iitb/exp-roots-one-point-iterative-iitb/experiment/simulation/js/activity1.js
   20:10  warning  'start_act1' is defined but never used               no-unused-vars
   23:20  warning  'get_collapse_btn_text' is not defined               no-undef
   56:22  warning  'MathJax' is not defined                             no-undef
   57:5   warning  'hide_all_steps' is not defined                      no-undef
   59:9   warning  'show_step' is not defined                           no-undef
   62:10  warning  'internal_calculations_1' is defined but never used  no-unused-vars
   67:5   warning  'act1_table_data1' is not defined                    no-undef
   68:5   warning  'root_val_3' is not defined                          no-undef
   69:5   warning  'func_val_3' is not defined                          no-undef
   70:5   warning  'act1_table_data1' is not defined                    no-undef
   70:24  warning  'successive' is not defined                          no-undef
   71:5   warning  'root_val_3' is not defined                          no-undef
   71:18  warning  'act1_table_data1' is not defined                    no-undef
   72:5   warning  'func_val_3' is not defined                          no-undef
   72:18  warning  'act1_table_data1' is not defined                    no-undef
   75:55  warning  'equ' is not defined                                 no-undef
   76:42  warning  'g_equ' is not defined                               no-undef
  101:19  warning  'Verify_Rows_Cols' is not defined                    no-undef
  101:44  warning  'act1_table_data1' is not defined                    no-undef
  121:13  warning  'act1_table_data1' is not defined                    no-undef
  122:13  warning  'act1_table_data1' is not defined                    no-undef
  123:21  warning  'Chart' is not defined                               no-undef
  173:17  warning  'Show_Table_Custom_Fixed' is not defined             no-undef
  173:49  warning  'act1_table_data1' is not defined                    no-undef
  176:10  warning  'equ_inp' is defined but never used                  no-unused-vars
  181:9   warning  'equ' is not defined                                 no-undef
  182:9   warning  'g_equ' is not defined                               no-undef
  182:17  warning  'g_equations' is not defined                         no-undef
  182:29  warning  'equations' is not defined                           no-undef
  182:47  warning  'equ' is not defined                                 no-undef
  186:9   warning  'equ' is not defined                                 no-undef
  187:9   warning  'g_equ' is not defined                               no-undef
  190:10  warning  'load_questions' is defined but never used           no-unused-vars
  222:10  warning  'verify_answer' is defined but never used            no-unused-vars
  228:17  warning  'func_val_3' is not defined                          no-undef
  228:29  warning  'root_val_3' is not defined                          no-undef
  229:10  warning  'verify_values' is not defined                       no-undef
  229:63  warning  'func_val_3' is not defined                          no-undef
  238:10  warning  'verify_values' is not defined                       no-undef
  238:63  warning  'root_val_3' is not defined                          no-undef
  256:10  warning  'exp_complete' is defined but never used             no-unused-vars

/home/runner/work/exp-roots-one-point-iterative-iitb/exp-roots-one-point-iterative-iitb/experiment/simulation/js/data.js
   1:5  warning  'x1' is assigned a value but never used                no-unused-vars
   2:5  warning  'x2' is assigned a value but never used                no-unused-vars
   3:5  warning  'act1_table_data1' is assigned a value but never used  no-unused-vars
  45:5  warning  'equ' is assigned a value but never used               no-unused-vars
  46:5  warning  'g_equ' is assigned a value but never used             no-unused-vars
  47:5  warning  'equations' is assigned a value but never used         no-unused-vars
  52:5  warning  'g_equations' is assigned a value but never used       no-unused-vars
  53:5  warning  'root_val_3' is defined but never used                 no-unused-vars
  54:5  warning  'func_val_3' is defined but never used                 no-unused-vars

/home/runner/work/exp-roots-one-point-iterative-iitb/exp-roots-one-point-iterative-iitb/experiment/simulation/js/successive.js
   3:14  warning  'equ' is not defined                    no-undef
   8:12  warning  'math' is not defined                   no-undef
  13:14  warning  'g_equ' is not defined                  no-undef
  15:12  warning  'math' is not defined                   no-undef
  20:10  warning  'successive' is defined but never used  no-unused-vars

✖ 106 problems (0 errors, 106 warnings)

